<?xml version="1.0" encoding="UTF-8"?>
<!-- Generated by org.testng.reporters.JUnitReportReporter -->
<testsuite skipped="0" hostname="Vimal" name="AcmeTestCase.TestCase_001" tests="1" failures="0" timestamp="12 Oct 2019 10:28:41 GMT" time="22.246" errors="0">
  <testcase name="acme" time="22.246" classname="AcmeTestCase.TestCase_001"/>
</testsuite> <!-- AcmeTestCase.TestCase_001 -->
